<?xml version="1.0" encoding="UTF-8"?>
<!-- Generated by org.testng.reporters.JUnitReportReporter -->
<testsuite skipped="0" hostname="RONY-POOJA" name="com.nopcommerce.demo.testsuite.ComputerPageTest" tests="1" failures="0" timestamp="2022-12-13T15:57:09 GMT" time="16.429" errors="0">
  <testcase name="verifyProductAddedToShoppingCartSuccessFully" time="16.429" classname="com.nopcommerce.demo.testsuite.ComputerPageTest"/>
  <system-out>
    <![CDATA[click on Computer[[ChromeDriver: chrome on WINDOWS (79f8df4f7f7f4a350c306066074fbc06)] -> xpath: //div[@class='header-menu']/ul[1]/li[1]/a]
click on the desktop[[ChromeDriver: chrome on WINDOWS (79f8df4f7f7f4a350c306066074fbc06)] -> xpath: //h2[@class='title']//a]
click on add to cart button[[ChromeDriver: chrome on WINDOWS (79f8df4f7f7f4a350c306066074fbc06)] -> xpath: //body/div[6]/div[3]/div[1]/div[3]/div[1]/div[2]/div[2]/div[2]/div[1]/div[1]/div[1]/div[1]/div[2]/div[3]/div[2]/button[1]]
verift the text build your own computer[[ChromeDriver: chrome on WINDOWS (79f8df4f7f7f4a350c306066074fbc06)] -> xpath: //h1[contains(text(),'Build your own computer')]]
verift the functionality1[[ChromeDriver: chrome on WINDOWS (79f8df4f7f7f4a350c306066074fbc06)] -> xpath: //select[@id='product_attribute_1']]
verift the functionality[[ChromeDriver: chrome on WINDOWS (79f8df4f7f7f4a350c306066074fbc06)] -> name: product_attribute_2]
click on hdd radio[[ChromeDriver: chrome on WINDOWS (79f8df4f7f7f4a350c306066074fbc06)] -> xpath: //label[@for='product_attribute_3_7']]
click on vistapremium[[ChromeDriver: chrome on WINDOWS (79f8df4f7f7f4a350c306066074fbc06)] -> xpath: //input[@id='product_attribute_4_9']]
click on the microsoftoffice[[ChromeDriver: chrome on WINDOWS (79f8df4f7f7f4a350c306066074fbc06)] -> xpath: //input[@id='product_attribute_5_12']]
verift the price text[[ChromeDriver: chrome on WINDOWS (79f8df4f7f7f4a350c306066074fbc06)] -> xpath: //span[text()='$1,475.00']]
verift the price text[[ChromeDriver: chrome on WINDOWS (79f8df4f7f7f4a350c306066074fbc06)] -> xpath: //span[text()='$1,475.00']]
verift the product added to your cart[[ChromeDriver: chrome on WINDOWS (79f8df4f7f7f4a350c306066074fbc06)] -> xpath: //p[@class='content']]
Enter username to the  field[[ChromeDriver: chrome on WINDOWS (79f8df4f7f7f4a350c306066074fbc06)] -> xpath: //a[contains(text(),'shopping cart')]]
verift the text shopping cart[[ChromeDriver: chrome on WINDOWS (79f8df4f7f7f4a350c306066074fbc06)] -> xpath: //h1[contains(text(),'Shopping cart')]]
verift the text  price text[[ChromeDriver: chrome on WINDOWS (79f8df4f7f7f4a350c306066074fbc06)] -> xpath: //input[@value='1']]
verift the text  price text[[ChromeDriver: chrome on WINDOWS (79f8df4f7f7f4a350c306066074fbc06)] -> xpath: //tbody/tr[4]/td[2]]
click on check box[[ChromeDriver: chrome on WINDOWS (79f8df4f7f7f4a350c306066074fbc06)] -> xpath: //input[@id='termsofservice']]
click on checkout box[[ChromeDriver: chrome on WINDOWS (79f8df4f7f7f4a350c306066074fbc06)] -> xpath: //button[@id='checkout']]
click on chekout as guest box[[ChromeDriver: chrome on WINDOWS (79f8df4f7f7f4a350c306066074fbc06)] -> xpath: //button[contains(text(),'Checkout as Guest')]]
Enter first name to the  fieldMaya[[ChromeDriver: chrome on WINDOWS (79f8df4f7f7f4a350c306066074fbc06)] -> name: BillingNewAddress.FirstName]
Enter last name to the  fieldadutta[[ChromeDriver: chrome on WINDOWS (79f8df4f7f7f4a350c306066074fbc06)] -> name: BillingNewAddress.LastName]
Enter email to the  fieldmayadutta2123@gmail.com[[ChromeDriver: chrome on WINDOWS (79f8df4f7f7f4a350c306066074fbc06)] -> id: BillingNewAddress_Email]
Enter country name to the  fieldUnited Kingdom[[ChromeDriver: chrome on WINDOWS (79f8df4f7f7f4a350c306066074fbc06)] -> name: BillingNewAddress.CountryId]
Enter city name to the  fieldDelhi[[ChromeDriver: chrome on WINDOWS (79f8df4f7f7f4a350c306066074fbc06)] -> name: BillingNewAddress.City]
Enter city name to the  field29,vasant vihar[[ChromeDriver: chrome on WINDOWS (79f8df4f7f7f4a350c306066074fbc06)] -> name: BillingNewAddress.Address1]
Enter zipcode name to the  fieldha25gh[[ChromeDriver: chrome on WINDOWS (79f8df4f7f7f4a350c306066074fbc06)] -> id: BillingNewAddress_ZipPostalCode]
Enter phone number to the  field07500085166[[ChromeDriver: chrome on WINDOWS (79f8df4f7f7f4a350c306066074fbc06)] -> id: BillingNewAddress_PhoneNumber]
click on continue button[[ChromeDriver: chrome on WINDOWS (79f8df4f7f7f4a350c306066074fbc06)] -> xpath: //button[@onclick='Billing.save()']]
click on continue button[[ChromeDriver: chrome on WINDOWS (79f8df4f7f7f4a350c306066074fbc06)] -> xpath: //label[contains(text(),'Next Day Air ($0.00)')]]
click on continue button[[ChromeDriver: chrome on WINDOWS (79f8df4f7f7f4a350c306066074fbc06)] -> xpath: //body/div[6]/div[3]/div[1]/div[1]/div[1]/div[2]/ol[1]/li[3]/div[2]/form[1]/div[2]/button[1]]
click on continue button[[ChromeDriver: chrome on WINDOWS (79f8df4f7f7f4a350c306066074fbc06)] -> xpath: //input[@id='paymentmethod_1']]
click on continue button[[ChromeDriver: chrome on WINDOWS (79f8df4f7f7f4a350c306066074fbc06)] -> xpath: //body/div[6]/div[3]/div[1]/div[1]/div[1]/div[2]/ol[1]/li[4]/div[2]/div[1]/button[1]]
click credit card button[[ChromeDriver: chrome on WINDOWS (79f8df4f7f7f4a350c306066074fbc06)] -> xpath: //select[@id='CreditCardType']]
click on mastercard type button[[ChromeDriver: chrome on WINDOWS (79f8df4f7f7f4a350c306066074fbc06)] -> xpath: //option[contains(text(),'Master card')]]
Enter username to the  fieldNayan[[ChromeDriver: chrome on WINDOWS (79f8df4f7f7f4a350c306066074fbc06)] -> name: CardholderName]
Enter card number to the  field0245 0245 0654 0587[[ChromeDriver: chrome on WINDOWS (79f8df4f7f7f4a350c306066074fbc06)] -> id: CardNumber]
Enter expire month to the  field08[[ChromeDriver: chrome on WINDOWS (79f8df4f7f7f4a350c306066074fbc06)] -> id: ExpireMonth]
Enter username to the  field2024[[ChromeDriver: chrome on WINDOWS (79f8df4f7f7f4a350c306066074fbc06)] -> id: ExpireYear]
Enter cvv number to the  field0235[[ChromeDriver: chrome on WINDOWS (79f8df4f7f7f4a350c306066074fbc06)] -> xpath: //input[@id='CardCode']]
click on continue[[ChromeDriver: chrome on WINDOWS (79f8df4f7f7f4a350c306066074fbc06)] -> xpath: //body/div[6]/div[3]/div[1]/div[1]/div[1]/div[2]/ol[1]/li[5]/div[2]/div[1]/button[1]]
verift the texy paymentcard [[ChromeDriver: chrome on WINDOWS (79f8df4f7f7f4a350c306066074fbc06)] -> xpath: //li[@class='payment-method']]
verift the text shipping method[[ChromeDriver: chrome on WINDOWS (79f8df4f7f7f4a350c306066074fbc06)] -> xpath: //body/div[6]/div[3]/div[1]/div[1]/div[1]/div[2]/ol[1]/li[6]/div[2]/div[1]/div[1]/div[1]/div[1]/div[1]/div[2]/div[2]/ul[1]/li[1]]
verift the text price[[ChromeDriver: chrome on WINDOWS (79f8df4f7f7f4a350c306066074fbc06)] -> xpath: //body[1]/div[6]/div[3]/div[1]/div[1]/div[1]/div[2]/ol[1]/li[6]/div[2]/div[1]/div[1]/div[1]/div[1]/form[1]/div[3]/div[1]/div[1]/table[1]/tbody[1]/tr[4]/td[2]/span[1]/strong[1]]
click on confirm button [[ChromeDriver: chrome on WINDOWS (79f8df4f7f7f4a350c306066074fbc06)] -> xpath: //button[contains(text(),'Confirm')]]
verift the thankyou text[[ChromeDriver: chrome on WINDOWS (79f8df4f7f7f4a350c306066074fbc06)] -> xpath: //h1[contains(text(),'Thank you')]]
verift the sucessfull text[[ChromeDriver: chrome on WINDOWS (79f8df4f7f7f4a350c306066074fbc06)] -> xpath: //strong[contains(text(),'Your order has been successfully processed!')]]
click on continue button[[ChromeDriver: chrome on WINDOWS (79f8df4f7f7f4a350c306066074fbc06)] -> xpath: //button[contains(text(),'Continue')]]
verift the welcome to our stor text[[ChromeDriver: chrome on WINDOWS (79f8df4f7f7f4a350c306066074fbc06)] -> xpath: //h2[contains(text(),'Welcome to our store')]]]]>
  </system-out>
</testsuite> <!-- com.nopcommerce.demo.testsuite.ComputerPageTest -->
